<?xml version="1.0" encoding="UTF-8"?>
<testsuite xmlns:xsi="http://www.w3.org/2001/XMLSchema-instance" xsi:noNamespaceSchemaLocation="https://maven.apache.org/surefire/maven-surefire-plugin/xsd/surefire-test-report-3.0.xsd" version="3.0" name="com.example.library_management.controller.LibraryControllerTest" time="0.109" tests="7" errors="0" skipped="0" failures="0">
  <properties>
    <property name="java.specification.version" value="17"/>
    <property name="sun.jnu.encoding" value="UTF-8"/>
    <property name="sun.awt.enableExtraMouseButtons" value="true"/>
    <property name="java.class.path" value="/home/ubuntu/eclipse-workspace/LibraryManagement/target/test-classes:/home/ubuntu/eclipse-workspace/LibraryManagement/target/classes:/home/ubuntu/.m2/repository/org/springframework/spring-core/5.3.12/spring-core-5.3.12.jar:/home/ubuntu/.m2/repository/org/springframework/spring-jcl/5.3.12/spring-jcl-5.3.12.jar:/home/ubuntu/.m2/repository/org/springframework/spring-context/5.3.12/spring-context-5.3.12.jar:/home/ubuntu/.m2/repository/org/springframework/spring-aop/5.3.12/spring-aop-5.3.12.jar:/home/ubuntu/.m2/repository/org/springframework/spring-beans/5.3.12/spring-beans-5.3.12.jar:/home/ubuntu/.m2/repository/org/springframework/spring-expression/5.3.12/spring-expression-5.3.12.jar:/home/ubuntu/.m2/repository/org/mongodb/mongo-java-driver/3.12.10/mongo-java-driver-3.12.10.jar:/home/ubuntu/.m2/repository/info/picocli/picocli/4.7.0/picocli-4.7.0.jar:/home/ubuntu/.m2/repository/junit/junit/4.13.2/junit-4.13.2.jar:/home/ubuntu/.m2/repository/org/hamcrest/hamcrest-core/1.3/hamcrest-core-1.3.jar:/home/ubuntu/.m2/repository/org/junit/jupiter/junit-jupiter-api/5.9.0/junit-jupiter-api-5.9.0.jar:/home/ubuntu/.m2/repository/org/opentest4j/opentest4j/1.2.0/opentest4j-1.2.0.jar:/home/ubuntu/.m2/repository/org/junit/platform/junit-platform-commons/1.9.0/junit-platform-commons-1.9.0.jar:/home/ubuntu/.m2/repository/org/apiguardian/apiguardian-api/1.1.2/apiguardian-api-1.1.2.jar:/home/ubuntu/.m2/repository/org/junit/jupiter/junit-jupiter-engine/5.9.0/junit-jupiter-engine-5.9.0.jar:/home/ubuntu/.m2/repository/org/junit/platform/junit-platform-engine/1.9.0/junit-platform-engine-1.9.0.jar:/home/ubuntu/.m2/repository/org/assertj/assertj-core/3.24.2/assertj-core-3.24.2.jar:/home/ubuntu/.m2/repository/net/bytebuddy/byte-buddy/1.12.21/byte-buddy-1.12.21.jar:/home/ubuntu/.m2/repository/org/assertj/assertj-swing/3.17.1/assertj-swing-3.17.1.jar:/home/ubuntu/.m2/repository/org/easytesting/fest-util/1.2.5/fest-util-1.2.5.jar:/home/ubuntu/.m2/repository/org/mockito/mockito-core/5.3.0/mockito-core-5.3.0.jar:/home/ubuntu/.m2/repository/net/bytebuddy/byte-buddy-agent/1.14.4/byte-buddy-agent-1.14.4.jar:/home/ubuntu/.m2/repository/org/objenesis/objenesis/3.3/objenesis-3.3.jar:"/>
    <property name="java.vm.vendor" value="Eclipse Adoptium"/>
    <property name="sun.arch.data.model" value="64"/>
    <property name="sun.font.fontmanager" value="sun.awt.X11FontManager"/>
    <property name="java.vendor.url" value="https://adoptium.net/"/>
    <property name="user.timezone" value="Europe/Rome"/>
    <property name="os.name" value="Linux"/>
    <property name="java.vm.specification.version" value="17"/>
    <property name="sun.java.launcher" value="SUN_STANDARD"/>
    <property name="user.country" value="US"/>
    <property name="sun.boot.library.path" value="/home/ubuntu/.p2/pool/plugins/org.eclipse.justj.openjdk.hotspot.jre.full.linux.x86_64_17.0.11.v20240426-1830/jre/lib"/>
    <property name="sun.java.command" value="/home/ubuntu/eclipse-workspace/LibraryManagement/target/surefire/surefirebooter-20240809161705028_3.jar /home/ubuntu/eclipse-workspace/LibraryManagement/target/surefire 2024-08-09T16-17-04_743-jvmRun1 surefire-20240809161705028_1tmp surefire_0-20240809161705028_2tmp"/>
    <property name="jdk.debug" value="release"/>
    <property name="surefire.test.class.path" value="/home/ubuntu/eclipse-workspace/LibraryManagement/target/test-classes:/home/ubuntu/eclipse-workspace/LibraryManagement/target/classes:/home/ubuntu/.m2/repository/org/springframework/spring-core/5.3.12/spring-core-5.3.12.jar:/home/ubuntu/.m2/repository/org/springframework/spring-jcl/5.3.12/spring-jcl-5.3.12.jar:/home/ubuntu/.m2/repository/org/springframework/spring-context/5.3.12/spring-context-5.3.12.jar:/home/ubuntu/.m2/repository/org/springframework/spring-aop/5.3.12/spring-aop-5.3.12.jar:/home/ubuntu/.m2/repository/org/springframework/spring-beans/5.3.12/spring-beans-5.3.12.jar:/home/ubuntu/.m2/repository/org/springframework/spring-expression/5.3.12/spring-expression-5.3.12.jar:/home/ubuntu/.m2/repository/org/mongodb/mongo-java-driver/3.12.10/mongo-java-driver-3.12.10.jar:/home/ubuntu/.m2/repository/info/picocli/picocli/4.7.0/picocli-4.7.0.jar:/home/ubuntu/.m2/repository/junit/junit/4.13.2/junit-4.13.2.jar:/home/ubuntu/.m2/repository/org/hamcrest/hamcrest-core/1.3/hamcrest-core-1.3.jar:/home/ubuntu/.m2/repository/org/junit/jupiter/junit-jupiter-api/5.9.0/junit-jupiter-api-5.9.0.jar:/home/ubuntu/.m2/repository/org/opentest4j/opentest4j/1.2.0/opentest4j-1.2.0.jar:/home/ubuntu/.m2/repository/org/junit/platform/junit-platform-commons/1.9.0/junit-platform-commons-1.9.0.jar:/home/ubuntu/.m2/repository/org/apiguardian/apiguardian-api/1.1.2/apiguardian-api-1.1.2.jar:/home/ubuntu/.m2/repository/org/junit/jupiter/junit-jupiter-engine/5.9.0/junit-jupiter-engine-5.9.0.jar:/home/ubuntu/.m2/repository/org/junit/platform/junit-platform-engine/1.9.0/junit-platform-engine-1.9.0.jar:/home/ubuntu/.m2/repository/org/assertj/assertj-core/3.24.2/assertj-core-3.24.2.jar:/home/ubuntu/.m2/repository/net/bytebuddy/byte-buddy/1.12.21/byte-buddy-1.12.21.jar:/home/ubuntu/.m2/repository/org/assertj/assertj-swing/3.17.1/assertj-swing-3.17.1.jar:/home/ubuntu/.m2/repository/org/easytesting/fest-util/1.2.5/fest-util-1.2.5.jar:/home/ubuntu/.m2/repository/org/mockito/mockito-core/5.3.0/mockito-core-5.3.0.jar:/home/ubuntu/.m2/repository/net/bytebuddy/byte-buddy-agent/1.14.4/byte-buddy-agent-1.14.4.jar:/home/ubuntu/.m2/repository/org/objenesis/objenesis/3.3/objenesis-3.3.jar:"/>
    <property name="sun.cpu.endian" value="little"/>
    <property name="user.home" value="/home/ubuntu"/>
    <property name="user.language" value="en"/>
    <property name="java.specification.vendor" value="Oracle Corporation"/>
    <property name="java.version.date" value="2024-04-16"/>
    <property name="java.home" value="/home/ubuntu/.p2/pool/plugins/org.eclipse.justj.openjdk.hotspot.jre.full.linux.x86_64_17.0.11.v20240426-1830/jre"/>
    <property name="file.separator" value="/"/>
    <property name="style.color" value="always"/>
    <property name="basedir" value="/home/ubuntu/eclipse-workspace/LibraryManagement"/>
    <property name="java.vm.compressedOopsMode" value="Zero based"/>
    <property name="line.separator" value="&#10;"/>
    <property name="java.vm.specification.vendor" value="Oracle Corporation"/>
    <property name="java.specification.name" value="Java Platform API Specification"/>
    <property name="surefire.real.class.path" value="/home/ubuntu/eclipse-workspace/LibraryManagement/target/surefire/surefirebooter-20240809161705028_3.jar"/>
    <property name="sun.management.compiler" value="HotSpot 64-Bit Tiered Compilers"/>
    <property name="java.runtime.version" value="17.0.11+9"/>
    <property name="user.name" value="ubuntu"/>
    <property name="path.separator" value=":"/>
    <property name="os.version" value="6.5.0-44-generic"/>
    <property name="java.runtime.name" value="OpenJDK Runtime Environment"/>
    <property name="file.encoding" value="UTF-8"/>
    <property name="java.vm.name" value="OpenJDK 64-Bit Server VM"/>
    <property name="java.vendor.version" value="Temurin-17.0.11+9"/>
    <property name="localRepository" value="/home/ubuntu/.m2/repository"/>
    <property name="java.vendor.url.bug" value="https://github.com/adoptium/adoptium-support/issues"/>
    <property name="java.io.tmpdir" value="/tmp"/>
    <property name="java.version" value="17.0.11"/>
    <property name="user.dir" value="/home/ubuntu/eclipse-workspace/LibraryManagement"/>
    <property name="os.arch" value="amd64"/>
    <property name="java.vm.specification.name" value="Java Virtual Machine Specification"/>
    <property name="native.encoding" value="UTF-8"/>
    <property name="java.library.path" value="/usr/java/packages/lib:/usr/lib64:/lib64:/lib:/usr/lib"/>
    <property name="java.vm.info" value="mixed mode"/>
    <property name="java.vendor" value="Eclipse Adoptium"/>
    <property name="java.vm.version" value="17.0.11+9"/>
    <property name="sun.io.unicode.encoding" value="UnicodeLittle"/>
    <property name="java.class.version" value="61.0"/>
  </properties>
  <testcase name="testAllBooks" classname="com.example.library_management.controller.LibraryControllerTest" time="0.084"/>
  <testcase name="testNewBook_BookAlreadyExists" classname="com.example.library_management.controller.LibraryControllerTest" time="0.002"/>
  <testcase name="testDeleteBook_BookNotFound" classname="com.example.library_management.controller.LibraryControllerTest" time="0.002"/>
  <testcase name="testSearchBook_Found" classname="com.example.library_management.controller.LibraryControllerTest" time="0.002"/>
  <testcase name="testSearchBook_NotFound" classname="com.example.library_management.controller.LibraryControllerTest" time="0.003"/>
  <testcase name="testDeleteBook_Success" classname="com.example.library_management.controller.LibraryControllerTest" time="0.003"/>
  <testcase name="testNewBook_Success" classname="com.example.library_management.controller.LibraryControllerTest" time="0.002"/>
</testsuite>