<?xml version="1.0" encoding="UTF-8"?>
<testsuite xmlns:xsi="http://www.w3.org/2001/XMLSchema-instance" xsi:noNamespaceSchemaLocation="https://maven.apache.org/surefire/maven-surefire-plugin/xsd/surefire-test-report-3.0.xsd" version="3.0" name="com.example.library_management.controller.LibraryControllerTest" time="0.025" tests="7" errors="0" skipped="0" failures="0">
  <properties>
    <property name="sun.desktop" value="gnome"/>
    <property name="awt.toolkit" value="sun.awt.X11.XToolkit"/>
    <property name="file.encoding.pkg" value="sun.io"/>
    <property name="java.specification.version" value="1.8"/>
    <property name="sun.cpu.isalist" value=""/>
    <property name="sun.jnu.encoding" value="UTF-8"/>
    <property name="java.class.path" value="/home/ubuntu/eclipse-workspace/LibraryManagement/target/test-classes:/home/ubuntu/eclipse-workspace/LibraryManagement/target/classes:/home/ubuntu/.m2/repository/org/springframework/spring-core/5.2.23.RELEASE/spring-core-5.2.23.RELEASE.jar:/home/ubuntu/.m2/repository/org/springframework/spring-jcl/5.2.23.RELEASE/spring-jcl-5.2.23.RELEASE.jar:/home/ubuntu/.m2/repository/org/springframework/spring-context/5.2.23.RELEASE/spring-context-5.2.23.RELEASE.jar:/home/ubuntu/.m2/repository/org/springframework/spring-aop/5.2.23.RELEASE/spring-aop-5.2.23.RELEASE.jar:/home/ubuntu/.m2/repository/org/springframework/spring-beans/5.2.23.RELEASE/spring-beans-5.2.23.RELEASE.jar:/home/ubuntu/.m2/repository/org/springframework/spring-expression/5.2.23.RELEASE/spring-expression-5.2.23.RELEASE.jar:/home/ubuntu/.m2/repository/org/mongodb/mongo-java-driver/3.12.10/mongo-java-driver-3.12.10.jar:/home/ubuntu/.m2/repository/info/picocli/picocli/4.7.0/picocli-4.7.0.jar:/home/ubuntu/.m2/repository/junit/junit/4.13.2/junit-4.13.2.jar:/home/ubuntu/.m2/repository/org/hamcrest/hamcrest-core/1.3/hamcrest-core-1.3.jar:/home/ubuntu/.m2/repository/org/mockito/mockito-core/4.4.0/mockito-core-4.4.0.jar:/home/ubuntu/.m2/repository/net/bytebuddy/byte-buddy/1.12.8/byte-buddy-1.12.8.jar:/home/ubuntu/.m2/repository/net/bytebuddy/byte-buddy-agent/1.12.8/byte-buddy-agent-1.12.8.jar:/home/ubuntu/.m2/repository/org/objenesis/objenesis/3.2/objenesis-3.2.jar:/home/ubuntu/.m2/repository/org/assertj/assertj-swing-junit/3.17.1/assertj-swing-junit-3.17.1.jar:/home/ubuntu/.m2/repository/org/assertj/assertj-swing/3.17.1/assertj-swing-3.17.1.jar:/home/ubuntu/.m2/repository/org/assertj/assertj-core/3.17.2/assertj-core-3.17.2.jar:/home/ubuntu/.m2/repository/org/easytesting/fest-util/1.2.5/fest-util-1.2.5.jar:/home/ubuntu/.m2/repository/org/easytesting/fest-reflect/1.4.1/fest-reflect-1.4.1.jar:"/>
    <property name="sun.awt.enableExtraMouseButtons" value="true"/>
    <property name="java.vm.vendor" value="Private Build"/>
    <property name="sun.arch.data.model" value="64"/>
    <property name="sun.font.fontmanager" value="sun.awt.X11FontManager"/>
    <property name="java.vendor.url" value="http://java.oracle.com/"/>
    <property name="user.timezone" value=""/>
    <property name="java.vm.specification.version" value="1.8"/>
    <property name="os.name" value="Linux"/>
    <property name="user.country" value="US"/>
    <property name="sun.java.launcher" value="SUN_STANDARD"/>
    <property name="sun.boot.library.path" value="/usr/lib/jvm/java-8-openjdk-amd64/jre/lib/amd64"/>
    <property name="sun.java.command" value="/home/ubuntu/eclipse-workspace/LibraryManagement/target/surefire/surefirebooter-20240821124840287_3.jar /home/ubuntu/eclipse-workspace/LibraryManagement/target/surefire 2024-08-21T12-48-39_947-jvmRun1 surefire-20240821124840287_1tmp surefire_0-20240821124840287_2tmp"/>
    <property name="surefire.test.class.path" value="/home/ubuntu/eclipse-workspace/LibraryManagement/target/test-classes:/home/ubuntu/eclipse-workspace/LibraryManagement/target/classes:/home/ubuntu/.m2/repository/org/springframework/spring-core/5.2.23.RELEASE/spring-core-5.2.23.RELEASE.jar:/home/ubuntu/.m2/repository/org/springframework/spring-jcl/5.2.23.RELEASE/spring-jcl-5.2.23.RELEASE.jar:/home/ubuntu/.m2/repository/org/springframework/spring-context/5.2.23.RELEASE/spring-context-5.2.23.RELEASE.jar:/home/ubuntu/.m2/repository/org/springframework/spring-aop/5.2.23.RELEASE/spring-aop-5.2.23.RELEASE.jar:/home/ubuntu/.m2/repository/org/springframework/spring-beans/5.2.23.RELEASE/spring-beans-5.2.23.RELEASE.jar:/home/ubuntu/.m2/repository/org/springframework/spring-expression/5.2.23.RELEASE/spring-expression-5.2.23.RELEASE.jar:/home/ubuntu/.m2/repository/org/mongodb/mongo-java-driver/3.12.10/mongo-java-driver-3.12.10.jar:/home/ubuntu/.m2/repository/info/picocli/picocli/4.7.0/picocli-4.7.0.jar:/home/ubuntu/.m2/repository/junit/junit/4.13.2/junit-4.13.2.jar:/home/ubuntu/.m2/repository/org/hamcrest/hamcrest-core/1.3/hamcrest-core-1.3.jar:/home/ubuntu/.m2/repository/org/mockito/mockito-core/4.4.0/mockito-core-4.4.0.jar:/home/ubuntu/.m2/repository/net/bytebuddy/byte-buddy/1.12.8/byte-buddy-1.12.8.jar:/home/ubuntu/.m2/repository/net/bytebuddy/byte-buddy-agent/1.12.8/byte-buddy-agent-1.12.8.jar:/home/ubuntu/.m2/repository/org/objenesis/objenesis/3.2/objenesis-3.2.jar:/home/ubuntu/.m2/repository/org/assertj/assertj-swing-junit/3.17.1/assertj-swing-junit-3.17.1.jar:/home/ubuntu/.m2/repository/org/assertj/assertj-swing/3.17.1/assertj-swing-3.17.1.jar:/home/ubuntu/.m2/repository/org/assertj/assertj-core/3.17.2/assertj-core-3.17.2.jar:/home/ubuntu/.m2/repository/org/easytesting/fest-util/1.2.5/fest-util-1.2.5.jar:/home/ubuntu/.m2/repository/org/easytesting/fest-reflect/1.4.1/fest-reflect-1.4.1.jar:"/>
    <property name="sun.cpu.endian" value="little"/>
    <property name="user.home" value="/home/ubuntu"/>
    <property name="user.language" value="en"/>
    <property name="java.specification.vendor" value="Oracle Corporation"/>
    <property name="java.home" value="/usr/lib/jvm/java-8-openjdk-amd64/jre"/>
    <property name="basedir" value="/home/ubuntu/eclipse-workspace/LibraryManagement"/>
    <property name="style.color" value="always"/>
    <property name="file.separator" value="/"/>
    <property name="line.separator" value="&#10;"/>
    <property name="java.vm.specification.vendor" value="Oracle Corporation"/>
    <property name="java.specification.name" value="Java Platform API Specification"/>
    <property name="java.awt.graphicsenv" value="sun.awt.X11GraphicsEnvironment"/>
    <property name="surefire.real.class.path" value="/home/ubuntu/eclipse-workspace/LibraryManagement/target/surefire/surefirebooter-20240821124840287_3.jar:/home/ubuntu/.m2/repository/org/jacoco/org.jacoco.agent/0.8.8/org.jacoco.agent-0.8.8-runtime.jar"/>
    <property name="sun.boot.class.path" value="/usr/lib/jvm/java-8-openjdk-amd64/jre/lib/resources.jar:/usr/lib/jvm/java-8-openjdk-amd64/jre/lib/rt.jar:/usr/lib/jvm/java-8-openjdk-amd64/jre/lib/sunrsasign.jar:/usr/lib/jvm/java-8-openjdk-amd64/jre/lib/jsse.jar:/usr/lib/jvm/java-8-openjdk-amd64/jre/lib/jce.jar:/usr/lib/jvm/java-8-openjdk-amd64/jre/lib/charsets.jar:/usr/lib/jvm/java-8-openjdk-amd64/jre/lib/jfr.jar:/usr/lib/jvm/java-8-openjdk-amd64/jre/classes"/>
    <property name="sun.management.compiler" value="HotSpot 64-Bit Tiered Compilers"/>
    <property name="java.runtime.version" value="1.8.0_422-8u422-b05-1~22.04-b05"/>
    <property name="user.name" value="ubuntu"/>
    <property name="path.separator" value=":"/>
    <property name="os.version" value="6.5.0-44-generic"/>
    <property name="java.endorsed.dirs" value="/usr/lib/jvm/java-8-openjdk-amd64/jre/lib/endorsed"/>
    <property name="java.runtime.name" value="OpenJDK Runtime Environment"/>
    <property name="file.encoding" value="UTF-8"/>
    <property name="java.vm.name" value="OpenJDK 64-Bit Server VM"/>
    <property name="localRepository" value="/home/ubuntu/.m2/repository"/>
    <property name="java.vendor.url.bug" value="http://bugreport.sun.com/bugreport/"/>
    <property name="java.io.tmpdir" value="/tmp"/>
    <property name="java.version" value="1.8.0_422"/>
    <property name="user.dir" value="/home/ubuntu/eclipse-workspace/LibraryManagement"/>
    <property name="os.arch" value="amd64"/>
    <property name="java.vm.specification.name" value="Java Virtual Machine Specification"/>
    <property name="java.awt.printerjob" value="sun.print.PSPrinterJob"/>
    <property name="sun.os.patch.level" value="unknown"/>
    <property name="java.library.path" value="/usr/java/packages/lib/amd64:/usr/lib/x86_64-linux-gnu/jni:/lib/x86_64-linux-gnu:/usr/lib/x86_64-linux-gnu:/usr/lib/jni:/lib:/usr/lib"/>
    <property name="java.vm.info" value="mixed mode"/>
    <property name="java.vendor" value="Private Build"/>
    <property name="java.vm.version" value="25.422-b05"/>
    <property name="java.specification.maintenance.version" value="5"/>
    <property name="java.ext.dirs" value="/usr/lib/jvm/java-8-openjdk-amd64/jre/lib/ext:/usr/java/packages/lib/ext"/>
    <property name="sun.io.unicode.encoding" value="UnicodeLittle"/>
    <property name="java.class.version" value="52.0"/>
  </properties>
  <testcase name="testAllBooks" classname="com.example.library_management.controller.LibraryControllerTest" time="0.014"/>
  <testcase name="testNewBook_BookAlreadyExists" classname="com.example.library_management.controller.LibraryControllerTest" time="0.001"/>
  <testcase name="testDeleteBook_BookNotFound" classname="com.example.library_management.controller.LibraryControllerTest" time="0.002"/>
  <testcase name="testSearchBook_Found" classname="com.example.library_management.controller.LibraryControllerTest" time="0.001"/>
  <testcase name="testSearchBook_NotFound" classname="com.example.library_management.controller.LibraryControllerTest" time="0.001"/>
  <testcase name="testDeleteBook_Success" classname="com.example.library_management.controller.LibraryControllerTest" time="0"/>
  <testcase name="testNewBook_Success" classname="com.example.library_management.controller.LibraryControllerTest" time="0"/>
</testsuite>